<?xml version="1.0" encoding="UTF-8"?>
<!-- Generated by org.testng.reporters.JUnitReportReporter -->
<testsuite hostname="EPINBANW0601" failures="0" tests="2" name="org.example.LoginPage" time="3.654" errors="0" timestamp="2023-11-14T16:17:09 IST" skipped="1">
  <testcase classname="org.example.LoginPage" name="test3" time="3.654"/>
  <system-out/>
  <testcase classname="org.example.LoginPage" name="test2">
    <skipped/>
  </testcase> <!-- test2 -->
  <system-out/>
</testsuite> <!-- org.example.LoginPage -->
